<?xml version="1.0" encoding="UTF-8"?>
<!-- Generated by org.testng.reporters.JUnitReportReporter -->
<testsuite skipped="3" hostname="Princes-MacBook-Pro.local" name="com.test.pages.HomePageTest" tests="3" failures="0" timestamp="2022-11-21T19:22:21 IST" time="15.030" errors="0">
  <testcase name="VerifyHomePage" time="4.182" classname="com.test.pages.HomePageTest">
    <skipped/>
  </testcase> <!-- VerifyHomePage -->
  <system-out/>
  <testcase name="getAllLinks" time="5.970" classname="com.test.pages.HomePageTest">
    <skipped/>
  </testcase> <!-- getAllLinks -->
  <system-out/>
  <testcase name="VerifyChat" time="4.878" classname="com.test.pages.HomePageTest">
    <skipped/>
  </testcase> <!-- VerifyChat -->
  <system-out/>
</testsuite> <!-- com.test.pages.HomePageTest -->
