<?xml version="1.0" encoding="UTF-8"?>
<!-- Generated by org.testng.reporters.JUnitReportReporter -->
<testsuite skipped="0" hostname="Princes-MacBook-Pro.local" name="com.test.pages.HomePageTest" tests="3" failures="0" timestamp="2022-11-23T18:00:01 IST" time="30.466" errors="0">
  <testcase name="getAllLinks" time="5.981" classname="com.test.pages.HomePageTest"/>
  <system-out/>
  <testcase name="VerifyHomePage" time="5.381" classname="com.test.pages.HomePageTest"/>
  <system-out/>
  <testcase name="VerifyChat" time="19.104" classname="com.test.pages.HomePageTest"/>
  <system-out/>
</testsuite> <!-- com.test.pages.HomePageTest -->
