<?xml version="1.0" encoding="UTF-8"?>
<!-- Generated by org.testng.reporters.JUnitReportReporter -->
<testsuite skipped="0" hostname="Princes-MacBook-Pro.local" name="com.test.pages.HomePageTest" tests="3" failures="0" timestamp="2022-11-21T17:49:31 IST" time="30.285" errors="0">
  <testcase name="getAllLinks" time="7.012" classname="com.test.pages.HomePageTest"/>
  <system-out/>
  <testcase name="VerifyHomePage" time="4.787" classname="com.test.pages.HomePageTest"/>
  <system-out/>
  <testcase name="VerifyChat" time="18.486" classname="com.test.pages.HomePageTest"/>
  <system-out/>
</testsuite> <!-- com.test.pages.HomePageTest -->
