<?xml version="1.0" encoding="UTF-8"?>
<!-- Generated by org.testng.reporters.JUnitReportReporter -->
<testsuite skipped="0" hostname="Princes-MacBook-Pro.local" name="com.test.pages.IntegrationPageTest" tests="1" failures="0" timestamp="2022-11-23T18:00:01 IST" time="6.934" errors="0">
  <testcase name="verifyKiwiModule_ActionClass" time="6.934" classname="com.test.pages.IntegrationPageTest"/>
  <system-out/>
</testsuite> <!-- com.test.pages.IntegrationPageTest -->
