<?xml version="1.0" encoding="UTF-8"?>
<!-- Generated by org.testng.reporters.JUnitReportReporter -->
<testsuite skipped="1" hostname="Princes-MacBook-Pro.local" name="com.test.pages.IntegrationPageTest" tests="1" failures="0" timestamp="2022-11-21T19:22:21 IST" time="3.649" errors="0">
  <testcase name="verifyKiwiModule_ActionClass" time="3.649" classname="com.test.pages.IntegrationPageTest">
    <skipped/>
  </testcase> <!-- verifyKiwiModule_ActionClass -->
  <system-out/>
</testsuite> <!-- com.test.pages.IntegrationPageTest -->
